2024-06-15 18:24:59,821 - INFO - Connecting to DuckDB...
2024-06-15 18:24:59,831 - INFO - Connected to DuckDB.
2024-06-15 18:24:59,831 - INFO - Ensuring the articles table exists...
2024-06-15 18:24:59,832 - INFO - Articles table ensured.
2024-06-15 18:26:48,780 - INFO - Connecting to DuckDB...
2024-06-15 18:26:48,793 - INFO - Connected to DuckDB.
2024-06-15 18:26:48,793 - INFO - Ensuring the articles table exists...
2024-06-15 18:26:48,795 - INFO - Articles table ensured.
2024-06-15 18:27:00,081 - INFO - Filtering out articles that already exist in the database...
2024-06-15 18:27:00,091 - INFO - Filtered articles. 4242 new articles found.
2024-06-15 18:28:00,339 - INFO - Connecting to DuckDB...
2024-06-15 18:28:00,348 - INFO - Connected to DuckDB.
2024-06-15 18:28:00,349 - INFO - Ensuring the articles table exists...
2024-06-15 18:28:00,350 - INFO - Articles table ensured.
2024-06-15 18:28:10,133 - INFO - Filtering out articles that already exist in the database...
2024-06-15 18:28:10,138 - INFO - Filtered articles. 0 new articles found.
2024-06-15 18:28:10,139 - INFO - No new articles to add.
2024-06-15 18:29:26,396 - INFO - Connecting to DuckDB...
2024-06-15 18:29:26,405 - INFO - Connected to DuckDB.
2024-06-15 18:29:26,405 - INFO - Ensuring the articles table exists...
2024-06-15 18:29:26,406 - INFO - Articles table ensured.
2024-06-15 18:29:37,389 - INFO - Filtering out articles that already exist in the database...
2024-06-15 18:29:37,396 - INFO - Filtered articles. 4242 new articles found.
2024-06-15 18:29:37,570 - INFO - Added 4242 new articles to the DuckDB database.
2024-06-15 18:31:06,933 - INFO - Connecting to DuckDB...
2024-06-15 18:31:06,942 - INFO - Connected to DuckDB.
2024-06-15 18:31:06,942 - INFO - Ensuring the articles table exists...
2024-06-15 18:31:06,943 - INFO - Articles table ensured.
2024-06-15 18:31:17,576 - INFO - Filtering out articles that already exist in the database...
2024-06-15 18:31:17,585 - INFO - Filtered articles. 3954 new articles found.
2024-06-15 18:31:17,738 - INFO - Added 3954 new articles to the DuckDB database.
2024-06-15 20:49:44,206 - INFO - Connecting to DuckDB...
2024-06-15 20:49:44,216 - INFO - Connected to DuckDB.
2024-06-15 20:49:44,216 - INFO - Ensuring the articles table exists...
2024-06-15 20:49:44,271 - INFO - Articles table ensured.
2024-06-15 20:49:51,935 - INFO - Filtering out articles that already exist in the database...
2024-06-15 20:49:51,983 - INFO - Filtered articles. 3785 new articles found.
2024-06-15 20:50:42,887 - INFO - Connecting to DuckDB...
2024-06-15 20:50:42,896 - INFO - Connected to DuckDB.
2024-06-15 20:50:42,896 - INFO - Ensuring the articles table exists...
2024-06-15 20:50:42,898 - INFO - Articles table ensured.
2024-06-15 20:50:52,864 - INFO - Filtering out articles that already exist in the database...
2024-06-15 20:50:52,875 - INFO - Filtered articles. 3785 new articles found.
2024-06-15 20:50:53,085 - INFO - Added 3785 new articles to the DuckDB database.
2024-06-16 08:54:53,388 - INFO - Connecting to DuckDB...
2024-06-16 08:54:53,398 - INFO - Connected to DuckDB.
2024-06-16 08:54:53,398 - INFO - Ensuring the articles table exists...
2024-06-16 08:54:53,460 - INFO - Articles table ensured.
2024-06-16 08:55:04,479 - INFO - Filtering out articles that already exist in the database...
2024-06-16 08:55:04,727 - INFO - Filtered articles. 0 new articles found.
2024-06-16 08:55:04,766 - INFO - No new articles to add.
2024-06-16 09:28:55,162 - INFO - Connecting to DuckDB...
2024-06-16 09:28:55,171 - INFO - Connected to DuckDB.
2024-06-16 09:28:55,172 - INFO - Ensuring the articles table exists...
2024-06-16 09:28:55,173 - INFO - Articles table ensured.
2024-06-16 09:29:04,896 - INFO - Filtering out articles that already exist in the database...
2024-06-16 09:29:04,905 - INFO - Filtered articles. 0 new articles found.
2024-06-16 09:29:04,906 - INFO - No new articles to add.
2024-06-16 09:30:01,435 - INFO - Connecting to DuckDB...
2024-06-16 09:30:01,444 - INFO - Connected to DuckDB.
2024-06-16 09:30:01,444 - INFO - Ensuring the articles table exists...
2024-06-16 09:30:01,445 - INFO - Articles table ensured.
2024-06-16 09:30:13,593 - INFO - Filtering out articles that already exist in the database...
2024-06-16 09:30:13,602 - INFO - Filtered articles. 0 new articles found.
2024-06-16 09:30:13,603 - INFO - No new articles to add.
2024-06-16 11:33:46,374 - INFO - Connecting to DuckDB...
2024-06-16 11:33:46,384 - INFO - Connected to DuckDB.
2024-06-16 11:33:46,384 - INFO - Ensuring the articles table exists...
2024-06-16 11:33:46,385 - INFO - Articles table ensured.
2024-06-16 11:33:57,308 - INFO - Filtering out articles that already exist in the database...
2024-06-16 11:33:57,321 - INFO - Filtered articles. 0 new articles found.
2024-06-16 11:33:57,323 - INFO - No new articles to add.
2024-06-16 11:43:49,881 - INFO - Connecting to DuckDB...
2024-06-16 11:43:49,893 - INFO - Connected to DuckDB.
2024-06-16 11:43:49,893 - INFO - Ensuring the articles table exists...
2024-06-16 11:43:49,894 - INFO - Articles table ensured.
2024-06-16 11:43:59,689 - INFO - Filtering out articles that already exist in the database...
2024-06-16 11:43:59,696 - INFO - Filtered articles. 0 new articles found.
2024-06-16 11:43:59,698 - INFO - No new articles to add.
2024-06-16 11:45:40,227 - INFO - Connecting to DuckDB...
2024-06-16 11:45:40,237 - INFO - Connected to DuckDB.
2024-06-16 11:45:40,237 - INFO - Ensuring the articles table exists...
2024-06-16 11:45:40,238 - INFO - Articles table ensured.
2024-06-16 11:45:51,349 - INFO - Filtering out articles that already exist in the database...
2024-06-16 11:45:51,358 - INFO - Filtered articles. 0 new articles found.
2024-06-16 11:45:51,359 - INFO - No new articles to add.
2024-06-16 11:46:02,880 - INFO - Connecting to DuckDB...
2024-06-16 11:46:02,897 - INFO - Connected to DuckDB.
2024-06-16 11:46:02,898 - INFO - Ensuring the articles table exists...
2024-06-16 11:46:02,899 - INFO - Articles table ensured.
2024-06-16 11:46:15,746 - INFO - Filtering out articles that already exist in the database...
2024-06-16 11:46:15,754 - INFO - Filtered articles. 0 new articles found.
2024-06-16 11:46:15,755 - INFO - No new articles to add.
2024-06-16 11:47:51,656 - INFO - Connecting to DuckDB...
2024-06-16 11:47:51,670 - INFO - Connected to DuckDB.
2024-06-16 11:47:51,670 - INFO - Ensuring the articles table exists...
2024-06-16 11:47:51,671 - INFO - Articles table ensured.
2024-06-16 11:48:02,603 - INFO - Filtering out articles that already exist in the database...
2024-06-16 11:48:02,612 - INFO - Filtered articles. 0 new articles found.
2024-06-16 11:48:02,614 - INFO - No new articles to add.
2024-06-16 11:48:15,377 - INFO - Connecting to DuckDB...
2024-06-16 11:48:15,389 - INFO - Connected to DuckDB.
2024-06-16 11:48:15,390 - INFO - Ensuring the articles table exists...
2024-06-16 11:48:15,391 - INFO - Articles table ensured.
2024-06-16 11:48:24,030 - INFO - Filtering out articles that already exist in the database...
2024-06-16 11:48:24,040 - INFO - Filtered articles. 0 new articles found.
2024-06-16 11:48:24,041 - INFO - No new articles to add.
2024-06-16 11:49:25,998 - INFO - Connecting to DuckDB...
2024-06-16 11:49:26,008 - INFO - Connected to DuckDB.
2024-06-16 11:49:26,008 - INFO - Ensuring the articles table exists...
2024-06-16 11:49:26,009 - INFO - Articles table ensured.
2024-06-16 11:49:35,193 - INFO - Filtering out articles that already exist in the database...
2024-06-16 11:49:35,202 - INFO - Filtered articles. 0 new articles found.
2024-06-16 11:49:35,203 - INFO - No new articles to add.
2024-06-16 11:51:05,572 - INFO - Connecting to DuckDB...
2024-06-16 11:51:05,582 - INFO - Connected to DuckDB.
2024-06-16 11:51:05,582 - INFO - Ensuring the articles table exists...
2024-06-16 11:51:05,583 - INFO - Articles table ensured.
2024-06-16 11:51:12,630 - INFO - Filtering out articles that already exist in the database...
2024-06-16 11:51:12,639 - INFO - Filtered articles. 0 new articles found.
2024-06-16 11:51:12,640 - INFO - No new articles to add.
2024-06-16 11:52:58,490 - INFO - Connecting to DuckDB...
2024-06-16 11:52:58,499 - INFO - Connected to DuckDB.
2024-06-16 11:52:58,499 - INFO - Ensuring the articles table exists...
2024-06-16 11:52:58,500 - INFO - Articles table ensured.
2024-06-16 11:53:06,679 - INFO - Filtering out articles that already exist in the database...
2024-06-16 11:53:06,687 - INFO - Filtered articles. 0 new articles found.
2024-06-16 11:53:06,688 - INFO - No new articles to add.
2024-06-16 11:53:27,544 - INFO - Connecting to DuckDB...
2024-06-16 11:53:27,553 - INFO - Connected to DuckDB.
2024-06-16 11:53:27,553 - INFO - Ensuring the articles table exists...
2024-06-16 11:53:27,554 - INFO - Articles table ensured.
2024-06-16 11:53:37,597 - INFO - Filtering out articles that already exist in the database...
2024-06-16 11:53:37,606 - INFO - Filtered articles. 0 new articles found.
2024-06-16 11:53:37,607 - INFO - No new articles to add.
2024-06-16 11:55:35,847 - INFO - Connecting to DuckDB...
2024-06-16 11:55:35,896 - INFO - Connected to DuckDB.
2024-06-16 11:55:35,896 - INFO - Ensuring the articles table exists...
2024-06-16 11:55:35,923 - INFO - Articles table ensured.
2024-06-16 11:55:48,588 - INFO - Filtering out articles that already exist in the database...
2024-06-16 11:55:48,597 - INFO - Filtered articles. 0 new articles found.
2024-06-16 11:55:48,600 - INFO - No new articles to add.
2024-06-16 11:56:08,470 - INFO - Connecting to DuckDB...
2024-06-16 11:56:08,480 - INFO - Connected to DuckDB.
2024-06-16 11:56:08,481 - INFO - Ensuring the articles table exists...
2024-06-16 11:56:08,482 - INFO - Articles table ensured.
2024-06-16 11:56:19,434 - INFO - Filtering out articles that already exist in the database...
2024-06-16 11:56:19,442 - INFO - Filtered articles. 0 new articles found.
2024-06-16 11:56:19,444 - INFO - No new articles to add.
2024-06-16 12:38:22,644 - INFO - Connecting to DuckDB...
2024-06-16 12:38:22,655 - INFO - Connected to DuckDB.
2024-06-16 12:38:22,655 - INFO - Ensuring the articles table exists...
2024-06-16 12:38:22,656 - INFO - Articles table ensured.
2024-06-16 12:38:36,213 - INFO - Filtering out articles that already exist in the database...
2024-06-16 12:38:36,222 - INFO - Filtered articles. 0 new articles found.
2024-06-16 12:38:36,223 - INFO - No new articles to add.
2024-06-16 13:56:40,576 - INFO - Connecting to DuckDB...
2024-06-16 13:56:40,586 - INFO - Connected to DuckDB.
2024-06-16 13:56:40,586 - INFO - Ensuring the articles table exists...
2024-06-16 13:56:40,641 - INFO - Articles table ensured.
2024-06-16 13:56:49,271 - INFO - Filtering out articles that already exist in the database...
2024-06-16 13:56:49,308 - INFO - Filtered articles. 3791 new articles found.
2024-06-16 13:56:49,583 - INFO - Added 3791 new articles to the DuckDB database.
2024-06-16 13:57:48,664 - INFO - Connecting to DuckDB...
2024-06-16 13:57:48,679 - INFO - Connected to DuckDB.
2024-06-16 13:57:48,679 - INFO - Ensuring the articles table exists...
2024-06-16 13:57:48,680 - INFO - Articles table ensured.
2024-06-16 13:57:58,976 - INFO - Filtering out articles that already exist in the database...
2024-06-16 13:57:58,986 - INFO - Filtered articles. 0 new articles found.
2024-06-16 13:57:58,987 - INFO - No new articles to add.
2024-06-16 13:58:32,442 - INFO - Connecting to DuckDB...
2024-06-16 13:58:32,452 - INFO - Connected to DuckDB.
2024-06-16 13:58:32,452 - INFO - Ensuring the articles table exists...
2024-06-16 13:58:32,453 - INFO - Articles table ensured.
2024-06-16 13:58:43,844 - INFO - Filtering out articles that already exist in the database...
2024-06-16 13:58:43,853 - INFO - Filtered articles. 0 new articles found.
2024-06-16 13:58:43,854 - INFO - No new articles to add.
2024-06-16 13:59:07,107 - INFO - Connecting to DuckDB...
2024-06-16 13:59:07,117 - INFO - Connected to DuckDB.
2024-06-16 13:59:07,117 - INFO - Ensuring the articles table exists...
2024-06-16 13:59:07,118 - INFO - Articles table ensured.
2024-06-16 13:59:18,844 - INFO - Filtering out articles that already exist in the database...
2024-06-16 13:59:18,852 - INFO - Filtered articles. 0 new articles found.
2024-06-16 13:59:18,854 - INFO - No new articles to add.
2024-06-16 13:59:25,001 - INFO - Connecting to DuckDB...
2024-06-16 13:59:25,010 - INFO - Connected to DuckDB.
2024-06-16 13:59:25,011 - INFO - Ensuring the articles table exists...
2024-06-16 13:59:25,012 - INFO - Articles table ensured.
2024-06-16 13:59:34,122 - INFO - Filtering out articles that already exist in the database...
2024-06-16 13:59:34,132 - INFO - Filtered articles. 0 new articles found.
2024-06-16 13:59:34,134 - INFO - No new articles to add.
2024-06-16 14:00:02,295 - INFO - Connecting to DuckDB...
2024-06-16 14:00:02,304 - INFO - Connected to DuckDB.
2024-06-16 14:00:02,304 - INFO - Ensuring the articles table exists...
2024-06-16 14:00:02,306 - INFO - Articles table ensured.
2024-06-16 14:00:13,017 - INFO - Filtering out articles that already exist in the database...
2024-06-16 14:00:13,031 - INFO - Filtered articles. 3423 new articles found.
2024-06-16 14:00:13,177 - INFO - Added 3423 new articles to the DuckDB database.
2024-06-16 14:24:40,797 - INFO - Connecting to DuckDB...
2024-06-16 14:24:40,811 - INFO - Connected to DuckDB.
2024-06-16 14:24:40,811 - INFO - Ensuring the articles table exists...
2024-06-16 14:24:40,812 - INFO - Articles table ensured.
2024-06-16 14:24:50,660 - INFO - Filtering out articles that already exist in the database...
2024-06-16 14:24:50,671 - INFO - Filtered articles. 0 new articles found.
2024-06-16 14:24:50,673 - INFO - No new articles to add.
2024-06-16 19:42:40,457 - INFO - Connecting to DuckDB...
2024-06-16 19:42:40,471 - INFO - Connected to DuckDB.
2024-06-16 19:42:40,471 - INFO - Ensuring the articles table exists...
2024-06-16 19:42:40,472 - INFO - Articles table ensured.
2024-06-16 19:42:50,504 - INFO - Filtering out articles that already exist in the database...
2024-06-16 19:42:50,515 - INFO - Filtered articles. 0 new articles found.
2024-06-16 19:42:50,516 - INFO - No new articles to add.
2024-06-16 20:00:55,456 - INFO - Connecting to DuckDB...
2024-06-16 20:00:55,466 - INFO - Connected to DuckDB.
2024-06-16 20:00:55,466 - INFO - Ensuring the articles table exists...
2024-06-16 20:00:55,467 - INFO - Articles table ensured.
2024-06-16 20:01:04,646 - INFO - Filtering out articles that already exist in the database...
2024-06-16 20:01:04,655 - INFO - Filtered articles. 0 new articles found.
2024-06-16 20:01:04,657 - INFO - No new articles to add.
2024-06-16 20:10:17,274 - INFO - Connecting to DuckDB...
2024-06-16 20:10:17,283 - INFO - Connected to DuckDB.
2024-06-16 20:10:17,283 - INFO - Ensuring the articles table exists...
2024-06-16 20:10:17,284 - INFO - Articles table ensured.
2024-06-16 20:10:27,817 - INFO - Filtering out articles that already exist in the database...
2024-06-16 20:10:27,827 - INFO - Filtered articles. 0 new articles found.
2024-06-16 20:10:27,829 - INFO - No new articles to add.
2024-06-16 20:11:33,586 - INFO - Connecting to DuckDB...
2024-06-16 20:11:33,595 - INFO - Connected to DuckDB.
2024-06-16 20:11:33,595 - INFO - Ensuring the articles table exists...
2024-06-16 20:11:33,596 - INFO - Articles table ensured.
2024-06-16 20:11:45,571 - INFO - Filtering out articles that already exist in the database...
2024-06-16 20:11:45,581 - INFO - Filtered articles. 0 new articles found.
2024-06-16 20:11:45,582 - INFO - No new articles to add.
2024-06-16 20:15:13,772 - INFO - Connecting to DuckDB...
2024-06-16 20:15:13,782 - INFO - Connected to DuckDB.
2024-06-16 20:15:13,782 - INFO - Ensuring the articles table exists...
2024-06-16 20:15:13,783 - INFO - Articles table ensured.
2024-06-16 20:15:23,144 - INFO - Filtering out articles that already exist in the database...
2024-06-16 20:15:23,154 - INFO - Filtered articles. 0 new articles found.
2024-06-16 20:15:23,156 - INFO - No new articles to add.
2024-06-16 20:17:04,454 - INFO - Connecting to DuckDB...
2024-06-16 20:17:04,463 - INFO - Connected to DuckDB.
2024-06-16 20:17:04,464 - INFO - Ensuring the articles table exists...
2024-06-16 20:17:04,465 - INFO - Articles table ensured.
2024-06-16 20:17:17,237 - INFO - Filtering out articles that already exist in the database...
2024-06-16 20:17:17,247 - INFO - Filtered articles. 0 new articles found.
2024-06-16 20:17:17,248 - INFO - No new articles to add.
2024-06-16 20:18:16,948 - INFO - Connecting to DuckDB...
2024-06-16 20:18:16,961 - INFO - Connected to DuckDB.
2024-06-16 20:18:16,961 - INFO - Ensuring the articles table exists...
2024-06-16 20:18:16,963 - INFO - Articles table ensured.
2024-06-16 20:18:25,357 - INFO - Filtering out articles that already exist in the database...
2024-06-16 20:18:25,369 - INFO - Filtered articles. 0 new articles found.
2024-06-16 20:18:25,371 - INFO - No new articles to add.
2024-06-16 20:30:34,426 - INFO - Connecting to DuckDB...
2024-06-16 20:30:34,435 - INFO - Connected to DuckDB.
2024-06-16 20:30:34,435 - INFO - Ensuring the articles table exists...
2024-06-16 20:30:34,437 - INFO - Articles table ensured.
2024-06-16 20:30:45,675 - INFO - Filtering out articles that already exist in the database...
2024-06-16 20:30:45,685 - INFO - Filtered articles. 0 new articles found.
2024-06-16 20:30:45,687 - INFO - No new articles to add.
2024-06-16 20:35:04,306 - INFO - Connecting to DuckDB...
2024-06-16 20:35:04,315 - INFO - Connected to DuckDB.
2024-06-16 20:35:04,315 - INFO - Ensuring the articles table exists...
2024-06-16 20:35:04,316 - INFO - Articles table ensured.
2024-06-16 20:35:14,641 - INFO - Filtering out articles that already exist in the database...
2024-06-16 20:35:14,653 - INFO - Filtered articles. 0 new articles found.
2024-06-16 20:35:14,654 - INFO - No new articles to add.
2024-06-16 20:35:15,286 - INFO - Connecting to DuckDB...
2024-06-16 20:35:15,297 - INFO - Connected to DuckDB.
2024-06-16 20:35:15,297 - INFO - Ensuring the articles table exists...
2024-06-16 20:35:15,298 - INFO - Articles table ensured.
2024-06-16 20:35:25,554 - INFO - Filtering out articles that already exist in the database...
2024-06-16 20:35:25,565 - INFO - Filtered articles. 0 new articles found.
2024-06-16 20:35:25,566 - INFO - No new articles to add.
2024-06-16 20:35:57,309 - INFO - Connecting to DuckDB...
2024-06-16 20:35:57,318 - INFO - Connected to DuckDB.
2024-06-16 20:35:57,319 - INFO - Ensuring the articles table exists...
2024-06-16 20:35:57,320 - INFO - Articles table ensured.
2024-06-16 20:36:08,258 - INFO - Connecting to DuckDB...
2024-06-16 20:36:08,268 - INFO - Connected to DuckDB.
2024-06-16 20:36:08,269 - INFO - Ensuring the articles table exists...
2024-06-16 20:36:08,269 - INFO - Articles table ensured.
2024-06-16 20:37:18,815 - INFO - Connecting to DuckDB...
2024-06-16 20:37:18,825 - INFO - Connected to DuckDB.
2024-06-16 20:37:18,825 - INFO - Ensuring the articles table exists...
2024-06-16 20:37:18,826 - INFO - Articles table ensured.
2024-06-16 20:37:30,094 - INFO - Filtering out articles that already exist in the database...
2024-06-16 20:37:30,105 - INFO - Filtered articles. 0 new articles found.
2024-06-16 20:37:30,107 - INFO - No new articles to add.
2024-06-17 08:22:06,926 - INFO - Connecting to DuckDB...
2024-06-17 08:22:07,246 - INFO - Connected to DuckDB.
2024-06-17 08:22:07,246 - INFO - Ensuring the articles table exists...
2024-06-17 08:22:07,559 - INFO - Articles table ensured.
2024-06-17 08:22:19,448 - INFO - Filtering out articles that already exist in the database...
2024-06-17 08:22:20,851 - INFO - Filtered articles. 0 new articles found.
2024-06-17 08:22:20,994 - INFO - No new articles to add.
2024-06-17 08:22:36,287 - INFO - Connecting to DuckDB...
2024-06-17 08:22:36,298 - INFO - Connected to DuckDB.
2024-06-17 08:22:36,298 - INFO - Ensuring the articles table exists...
2024-06-17 08:22:36,299 - INFO - Articles table ensured.
2024-06-17 08:22:47,395 - INFO - Filtering out articles that already exist in the database...
2024-06-17 08:22:47,406 - INFO - Filtered articles. 0 new articles found.
2024-06-17 08:22:47,407 - INFO - No new articles to add.
2024-06-17 08:40:25,748 - INFO - Connecting to DuckDB...
2024-06-17 08:40:25,757 - INFO - Connected to DuckDB.
2024-06-17 08:40:25,757 - INFO - Ensuring the articles table exists...
2024-06-17 08:40:25,758 - INFO - Articles table ensured.
2024-06-17 08:40:33,088 - INFO - Filtering out articles that already exist in the database...
2024-06-17 08:40:33,099 - INFO - Filtered articles. 0 new articles found.
2024-06-17 08:40:33,100 - INFO - No new articles to add.
2024-06-17 08:40:40,170 - INFO - Connecting to DuckDB...
2024-06-17 08:41:20,638 - INFO - Connecting to DuckDB...
2024-06-17 08:41:20,647 - INFO - Connected to DuckDB.
2024-06-17 08:41:20,647 - INFO - Ensuring the articles table exists...
2024-06-17 08:41:20,648 - INFO - Articles table ensured.
2024-06-17 08:41:30,165 - INFO - Filtering out articles that already exist in the database...
2024-06-17 08:41:30,176 - INFO - Filtered articles. 0 new articles found.
2024-06-17 08:41:30,177 - INFO - No new articles to add.
2024-06-17 08:41:56,790 - INFO - Connecting to DuckDB...
2024-06-17 08:41:56,799 - INFO - Connected to DuckDB.
2024-06-17 08:41:56,800 - INFO - Ensuring the articles table exists...
2024-06-17 08:41:56,801 - INFO - Articles table ensured.
2024-06-17 08:42:05,264 - INFO - Filtering out articles that already exist in the database...
2024-06-17 08:42:05,275 - INFO - Filtered articles. 0 new articles found.
2024-06-17 08:42:05,276 - INFO - No new articles to add.
2024-06-17 08:43:31,937 - INFO - Connecting to DuckDB...
2024-06-17 08:43:31,946 - INFO - Connected to DuckDB.
2024-06-17 08:43:31,946 - INFO - Ensuring the articles table exists...
2024-06-17 08:43:31,947 - INFO - Articles table ensured.
2024-06-17 08:43:38,929 - INFO - Filtering out articles that already exist in the database...
2024-06-17 08:43:38,939 - INFO - Filtered articles. 0 new articles found.
2024-06-17 08:43:38,941 - INFO - No new articles to add.
2024-06-17 08:45:01,041 - INFO - Connecting to DuckDB...
2024-06-17 08:45:01,055 - INFO - Connected to DuckDB.
2024-06-17 08:45:01,055 - INFO - Ensuring the articles table exists...
2024-06-17 08:45:01,057 - INFO - Articles table ensured.
2024-06-17 08:45:09,919 - INFO - Filtering out articles that already exist in the database...
2024-06-17 08:45:09,931 - INFO - Filtered articles. 0 new articles found.
2024-06-17 08:45:09,932 - INFO - No new articles to add.
2024-06-17 08:47:14,325 - INFO - Connecting to DuckDB...
2024-06-17 08:47:14,334 - INFO - Connected to DuckDB.
2024-06-17 08:47:14,334 - INFO - Ensuring the articles table exists...
2024-06-17 08:47:14,335 - INFO - Articles table ensured.
2024-06-17 08:47:21,655 - INFO - Filtering out articles that already exist in the database...
2024-06-17 08:47:21,665 - INFO - Filtered articles. 0 new articles found.
2024-06-17 08:47:21,666 - INFO - No new articles to add.
2024-06-17 08:52:20,874 - INFO - Connecting to DuckDB...
2024-06-17 08:52:20,888 - INFO - Connected to DuckDB.
2024-06-17 08:52:20,888 - INFO - Ensuring the articles table exists...
2024-06-17 08:52:20,890 - INFO - Articles table ensured.
2024-06-17 08:52:30,302 - INFO - Filtering out articles that already exist in the database...
2024-06-17 08:52:30,313 - INFO - Filtered articles. 0 new articles found.
2024-06-17 08:52:30,314 - INFO - No new articles to add.
2024-06-17 10:00:38,528 - INFO - Connecting to DuckDB...
2024-06-17 10:00:38,541 - INFO - Connected to DuckDB.
2024-06-17 10:00:38,541 - INFO - Ensuring the articles table exists...
2024-06-17 10:00:38,542 - INFO - Articles table ensured.
2024-06-17 10:00:49,611 - INFO - Filtering out articles that already exist in the database...
2024-06-17 10:00:49,621 - INFO - Filtered articles. 0 new articles found.
2024-06-17 10:00:49,622 - INFO - No new articles to add.
2024-06-17 10:04:29,088 - INFO - Connecting to DuckDB...
2024-06-17 10:04:29,097 - INFO - Connected to DuckDB.
2024-06-17 10:04:29,097 - INFO - Ensuring the articles table exists...
2024-06-17 10:04:29,099 - INFO - Articles table ensured.
2024-06-17 10:04:38,967 - INFO - Filtering out articles that already exist in the database...
2024-06-17 10:04:38,983 - INFO - Filtered articles. 3525 new articles found.
2024-06-17 10:04:39,153 - INFO - Added 3525 new articles to the DuckDB database.
